<?xml version="1.0" encoding="UTF-8"?>
<coverage generated="1762341297594" clover="3.2.0">
  <project timestamp="1762341297594" name="All files">
    <metrics statements="60" coveredstatements="31" conditionals="22" coveredconditionals="12" methods="10" coveredmethods="6" elements="92" coveredelements="49" complexity="0" loc="60" ncloc="60" packages="2" files="12" classes="12"/>
    <package name="libs.domain.src">
      <metrics statements="42" coveredstatements="31" conditionals="16" coveredconditionals="12" methods="6" coveredmethods="6"/>
      <file name="customer-registration.ts" path="C:\Users\cmiri\OneDrive\Documentos\GitHub\lab-2025-ii-pds-u2-02-nest-CMirianG\customer-app\libs\domain\src\customer-registration.ts">
        <metrics statements="11" coveredstatements="11" conditionals="0" coveredconditionals="0" methods="1" coveredmethods="1"/>
        <line num="2" count="1" type="stmt"/>
        <line num="3" count="1" type="stmt"/>
        <line num="4" count="1" type="stmt"/>
        <line num="6" count="1" type="stmt"/>
        <line num="10" count="1" type="stmt"/>
        <line num="11" count="1" type="stmt"/>
        <line num="13" count="1" type="stmt"/>
        <line num="14" count="1" type="stmt"/>
        <line num="16" count="1" type="stmt"/>
        <line num="17" count="1" type="stmt"/>
        <line num="18" count="1" type="stmt"/>
      </file>
      <file name="customer.ts" path="C:\Users\cmiri\OneDrive\Documentos\GitHub\lab-2025-ii-pds-u2-02-nest-CMirianG\customer-app\libs\domain\src\customer.ts">
        <metrics statements="8" coveredstatements="8" conditionals="0" coveredconditionals="0" methods="1" coveredmethods="1"/>
        <line num="1" count="1" type="stmt"/>
        <line num="9" count="7" type="stmt"/>
        <line num="10" count="7" type="stmt"/>
        <line num="11" count="7" type="stmt"/>
        <line num="12" count="7" type="stmt"/>
        <line num="13" count="7" type="stmt"/>
        <line num="14" count="7" type="stmt"/>
        <line num="15" count="7" type="stmt"/>
      </file>
      <file name="data-access-layer.ts" path="C:\Users\cmiri\OneDrive\Documentos\GitHub\lab-2025-ii-pds-u2-02-nest-CMirianG\customer-app\libs\domain\src\data-access-layer.ts">
        <metrics statements="4" coveredstatements="4" conditionals="0" coveredconditionals="0" methods="2" coveredmethods="2"/>
        <line num="3" count="1" type="stmt"/>
        <line num="6" count="6" type="stmt"/>
        <line num="10" count="6" type="stmt"/>
        <line num="11" count="6" type="stmt"/>
      </file>
      <file name="domain.module.ts" path="C:\Users\cmiri\OneDrive\Documentos\GitHub\lab-2025-ii-pds-u2-02-nest-CMirianG\customer-app\libs\domain\src\domain.module.ts">
        <metrics statements="2" coveredstatements="0" conditionals="0" coveredconditionals="0" methods="0" coveredmethods="0"/>
        <line num="1" count="0" type="stmt"/>
        <line num="4" count="0" type="stmt"/>
      </file>
      <file name="domain.service.ts" path="C:\Users\cmiri\OneDrive\Documentos\GitHub\lab-2025-ii-pds-u2-02-nest-CMirianG\customer-app\libs\domain\src\domain.service.ts">
        <metrics statements="2" coveredstatements="0" conditionals="0" coveredconditionals="0" methods="0" coveredmethods="0"/>
        <line num="1" count="0" type="stmt"/>
        <line num="4" count="0" type="stmt"/>
      </file>
      <file name="email-service.ts" path="C:\Users\cmiri\OneDrive\Documentos\GitHub\lab-2025-ii-pds-u2-02-nest-CMirianG\customer-app\libs\domain\src\email-service.ts">
        <metrics statements="2" coveredstatements="2" conditionals="0" coveredconditionals="0" methods="1" coveredmethods="1"/>
        <line num="4" count="1" type="stmt"/>
        <line num="15" count="2" type="stmt"/>
      </file>
      <file name="index.ts" path="C:\Users\cmiri\OneDrive\Documentos\GitHub\lab-2025-ii-pds-u2-02-nest-CMirianG\customer-app\libs\domain\src\index.ts">
        <metrics statements="7" coveredstatements="0" conditionals="0" coveredconditionals="0" methods="0" coveredmethods="0"/>
        <line num="1" count="0" type="stmt"/>
        <line num="2" count="0" type="stmt"/>
        <line num="3" count="0" type="stmt"/>
        <line num="4" count="0" type="stmt"/>
        <line num="5" count="0" type="stmt"/>
        <line num="6" count="0" type="stmt"/>
        <line num="7" count="0" type="stmt"/>
      </file>
      <file name="validator.ts" path="C:\Users\cmiri\OneDrive\Documentos\GitHub\lab-2025-ii-pds-u2-02-nest-CMirianG\customer-app\libs\domain\src\validator.ts">
        <metrics statements="6" coveredstatements="6" conditionals="16" coveredconditionals="12" methods="1" coveredmethods="1"/>
        <line num="3" count="1" type="stmt"/>
        <line num="7" count="2" type="cond" truecount="3" falsecount="1"/>
        <line num="8" count="2" type="cond" truecount="3" falsecount="1"/>
        <line num="9" count="2" type="cond" truecount="3" falsecount="1"/>
        <line num="10" count="2" type="cond" truecount="3" falsecount="1"/>
        <line num="11" count="2" type="stmt"/>
      </file>
    </package>
    <package name="src">
      <metrics statements="18" coveredstatements="0" conditionals="6" coveredconditionals="0" methods="4" coveredmethods="0"/>
      <file name="app.controller.ts" path="C:\Users\cmiri\OneDrive\Documentos\GitHub\lab-2025-ii-pds-u2-02-nest-CMirianG\customer-app\src\app.controller.ts">
        <metrics statements="6" coveredstatements="0" conditionals="4" coveredconditionals="0" methods="2" coveredmethods="0"/>
        <line num="1" count="0" type="stmt"/>
        <line num="2" count="0" type="stmt"/>
        <line num="5" count="0" type="stmt"/>
        <line num="6" count="0" type="cond" truecount="0" falsecount="4"/>
        <line num="9" count="0" type="stmt"/>
        <line num="10" count="0" type="stmt"/>
      </file>
      <file name="app.module.ts" path="C:\Users\cmiri\OneDrive\Documentos\GitHub\lab-2025-ii-pds-u2-02-nest-CMirianG\customer-app\src\app.module.ts">
        <metrics statements="4" coveredstatements="0" conditionals="0" coveredconditionals="0" methods="0" coveredmethods="0"/>
        <line num="1" count="0" type="stmt"/>
        <line num="2" count="0" type="stmt"/>
        <line num="3" count="0" type="stmt"/>
        <line num="10" count="0" type="stmt"/>
      </file>
      <file name="app.service.ts" path="C:\Users\cmiri\OneDrive\Documentos\GitHub\lab-2025-ii-pds-u2-02-nest-CMirianG\customer-app\src\app.service.ts">
        <metrics statements="3" coveredstatements="0" conditionals="0" coveredconditionals="0" methods="1" coveredmethods="0"/>
        <line num="1" count="0" type="stmt"/>
        <line num="4" count="0" type="stmt"/>
        <line num="6" count="0" type="stmt"/>
      </file>
      <file name="main.ts" path="C:\Users\cmiri\OneDrive\Documentos\GitHub\lab-2025-ii-pds-u2-02-nest-CMirianG\customer-app\src\main.ts">
        <metrics statements="5" coveredstatements="0" conditionals="2" coveredconditionals="0" methods="1" coveredmethods="0"/>
        <line num="1" count="0" type="stmt"/>
        <line num="2" count="0" type="stmt"/>
        <line num="5" count="0" type="stmt"/>
        <line num="6" count="0" type="cond" truecount="0" falsecount="2"/>
        <line num="8" count="0" type="stmt"/>
      </file>
    </package>
  </project>
</coverage>
