<?xml version="1.0" encoding="UTF-8"?>
<coverage generated="1762340756080" clover="3.2.0">
  <project timestamp="1762340756080" name="All files">
    <metrics statements="48" coveredstatements="18" conditionals="8" coveredconditionals="2" methods="10" coveredmethods="6" elements="66" coveredelements="26" complexity="0" loc="48" ncloc="48" packages="2" files="12" classes="12"/>
    <package name="libs.domain.src">
      <metrics statements="30" coveredstatements="18" conditionals="2" coveredconditionals="2" methods="6" coveredmethods="6"/>
      <file name="abstract-message.ts" path="C:\Users\cmiri\OneDrive\Documentos\GitHub\lab-2025-ii-pds-u2-02-nest-CMirianG\notifications\libs\domain\src\abstract-message.ts">
        <metrics statements="1" coveredstatements="1" conditionals="0" coveredconditionals="0" methods="0" coveredmethods="0"/>
        <line num="3" count="1" type="stmt"/>
      </file>
      <file name="domain.module.ts" path="C:\Users\cmiri\OneDrive\Documentos\GitHub\lab-2025-ii-pds-u2-02-nest-CMirianG\notifications\libs\domain\src\domain.module.ts">
        <metrics statements="2" coveredstatements="0" conditionals="0" coveredconditionals="0" methods="0" coveredmethods="0"/>
        <line num="1" count="0" type="stmt"/>
        <line num="4" count="0" type="stmt"/>
      </file>
      <file name="domain.service.ts" path="C:\Users\cmiri\OneDrive\Documentos\GitHub\lab-2025-ii-pds-u2-02-nest-CMirianG\notifications\libs\domain\src\domain.service.ts">
        <metrics statements="2" coveredstatements="0" conditionals="0" coveredconditionals="0" methods="0" coveredmethods="0"/>
        <line num="1" count="0" type="stmt"/>
        <line num="4" count="0" type="stmt"/>
      </file>
      <file name="email-message-sender.ts" path="C:\Users\cmiri\OneDrive\Documentos\GitHub\lab-2025-ii-pds-u2-02-nest-CMirianG\notifications\libs\domain\src\email-message-sender.ts">
        <metrics statements="2" coveredstatements="2" conditionals="0" coveredconditionals="0" methods="1" coveredmethods="1"/>
        <line num="3" count="1" type="stmt"/>
        <line num="5" count="2" type="stmt"/>
      </file>
      <file name="index.ts" path="C:\Users\cmiri\OneDrive\Documentos\GitHub\lab-2025-ii-pds-u2-02-nest-CMirianG\notifications\libs\domain\src\index.ts">
        <metrics statements="8" coveredstatements="0" conditionals="0" coveredconditionals="0" methods="0" coveredmethods="0"/>
        <line num="1" count="0" type="stmt"/>
        <line num="2" count="0" type="stmt"/>
        <line num="3" count="0" type="stmt"/>
        <line num="4" count="0" type="stmt"/>
        <line num="5" count="0" type="stmt"/>
        <line num="6" count="0" type="stmt"/>
        <line num="7" count="0" type="stmt"/>
        <line num="8" count="0" type="stmt"/>
      </file>
      <file name="long-message.ts" path="C:\Users\cmiri\OneDrive\Documentos\GitHub\lab-2025-ii-pds-u2-02-nest-CMirianG\notifications\libs\domain\src\long-message.ts">
        <metrics statements="5" coveredstatements="5" conditionals="0" coveredconditionals="0" methods="2" coveredmethods="2"/>
        <line num="1" count="1" type="stmt"/>
        <line num="4" count="1" type="stmt"/>
        <line num="6" count="2" type="stmt"/>
        <line num="7" count="2" type="stmt"/>
        <line num="10" count="2" type="stmt"/>
      </file>
      <file name="short-message.ts" path="C:\Users\cmiri\OneDrive\Documentos\GitHub\lab-2025-ii-pds-u2-02-nest-CMirianG\notifications\libs\domain\src\short-message.ts">
        <metrics statements="8" coveredstatements="8" conditionals="2" coveredconditionals="2" methods="2" coveredmethods="2"/>
        <line num="1" count="1" type="stmt"/>
        <line num="4" count="1" type="stmt"/>
        <line num="5" count="4" type="stmt"/>
        <line num="8" count="4" type="stmt"/>
        <line num="9" count="4" type="stmt"/>
        <line num="12" count="3" type="cond" truecount="2" falsecount="0"/>
        <line num="13" count="2" type="stmt"/>
        <line num="15" count="1" type="stmt"/>
      </file>
      <file name="sms-message-sender.ts" path="C:\Users\cmiri\OneDrive\Documentos\GitHub\lab-2025-ii-pds-u2-02-nest-CMirianG\notifications\libs\domain\src\sms-message-sender.ts">
        <metrics statements="2" coveredstatements="2" conditionals="0" coveredconditionals="0" methods="1" coveredmethods="1"/>
        <line num="3" count="1" type="stmt"/>
        <line num="5" count="2" type="stmt"/>
      </file>
    </package>
    <package name="src">
      <metrics statements="18" coveredstatements="0" conditionals="6" coveredconditionals="0" methods="4" coveredmethods="0"/>
      <file name="app.controller.ts" path="C:\Users\cmiri\OneDrive\Documentos\GitHub\lab-2025-ii-pds-u2-02-nest-CMirianG\notifications\src\app.controller.ts">
        <metrics statements="6" coveredstatements="0" conditionals="4" coveredconditionals="0" methods="2" coveredmethods="0"/>
        <line num="1" count="0" type="stmt"/>
        <line num="2" count="0" type="stmt"/>
        <line num="5" count="0" type="stmt"/>
        <line num="6" count="0" type="cond" truecount="0" falsecount="4"/>
        <line num="9" count="0" type="stmt"/>
        <line num="10" count="0" type="stmt"/>
      </file>
      <file name="app.module.ts" path="C:\Users\cmiri\OneDrive\Documentos\GitHub\lab-2025-ii-pds-u2-02-nest-CMirianG\notifications\src\app.module.ts">
        <metrics statements="4" coveredstatements="0" conditionals="0" coveredconditionals="0" methods="0" coveredmethods="0"/>
        <line num="1" count="0" type="stmt"/>
        <line num="2" count="0" type="stmt"/>
        <line num="3" count="0" type="stmt"/>
        <line num="10" count="0" type="stmt"/>
      </file>
      <file name="app.service.ts" path="C:\Users\cmiri\OneDrive\Documentos\GitHub\lab-2025-ii-pds-u2-02-nest-CMirianG\notifications\src\app.service.ts">
        <metrics statements="3" coveredstatements="0" conditionals="0" coveredconditionals="0" methods="1" coveredmethods="0"/>
        <line num="1" count="0" type="stmt"/>
        <line num="4" count="0" type="stmt"/>
        <line num="6" count="0" type="stmt"/>
      </file>
      <file name="main.ts" path="C:\Users\cmiri\OneDrive\Documentos\GitHub\lab-2025-ii-pds-u2-02-nest-CMirianG\notifications\src\main.ts">
        <metrics statements="5" coveredstatements="0" conditionals="2" coveredconditionals="0" methods="1" coveredmethods="0"/>
        <line num="1" count="0" type="stmt"/>
        <line num="2" count="0" type="stmt"/>
        <line num="5" count="0" type="stmt"/>
        <line num="6" count="0" type="cond" truecount="0" falsecount="2"/>
        <line num="8" count="0" type="stmt"/>
      </file>
    </package>
  </project>
</coverage>
