{"C:\\Users\\cmiri\\OneDrive\\Documentos\\GitHub\\lab-2025-ii-pds-u2-02-nest-CMirianG\\notifications\\libs\\domain\\src\\abstract-message.ts": {"path":"C:\\Users\\cmiri\\OneDrive\\Documentos\\GitHub\\lab-2025-ii-pds-u2-02-nest-CMirianG\\notifications\\libs\\domain\\src\\abstract-message.ts","statementMap":{"0":{"start":{"line":3,"column":0},"end":{"line":3,"column":22}}},"fnMap":{},"branchMap":{},"s":{"0":1},"f":{},"b":{}}
,"C:\\Users\\cmiri\\OneDrive\\Documentos\\GitHub\\lab-2025-ii-pds-u2-02-nest-CMirianG\\notifications\\libs\\domain\\src\\domain.module.ts": {"path":"C:\\Users\\cmiri\\OneDrive\\Documentos\\GitHub\\lab-2025-ii-pds-u2-02-nest-CMirianG\\notifications\\libs\\domain\\src\\domain.module.ts","statementMap":{"0":{"start":{"line":1,"column":0},"end":{"line":1,"column":40}},"1":{"start":{"line":4,"column":7},"end":{"line":4,"column":null}},"2":{"start":{"line":4,"column":13},"end":{"line":4,"column":25}},"3":{"start":{"line":4,"column":13},"end":{"line":4,"column":null}}},"fnMap":{},"branchMap":{},"s":{"0":0,"1":0,"2":0,"3":0},"f":{},"b":{}}
,"C:\\Users\\cmiri\\OneDrive\\Documentos\\GitHub\\lab-2025-ii-pds-u2-02-nest-CMirianG\\notifications\\libs\\domain\\src\\domain.service.ts": {"path":"C:\\Users\\cmiri\\OneDrive\\Documentos\\GitHub\\lab-2025-ii-pds-u2-02-nest-CMirianG\\notifications\\libs\\domain\\src\\domain.service.ts","statementMap":{"0":{"start":{"line":1,"column":0},"end":{"line":1,"column":44}},"1":{"start":{"line":4,"column":7},"end":{"line":4,"column":null}},"2":{"start":{"line":4,"column":13},"end":{"line":4,"column":26}},"3":{"start":{"line":4,"column":13},"end":{"line":4,"column":null}}},"fnMap":{},"branchMap":{},"s":{"0":0,"1":0,"2":0,"3":0},"f":{},"b":{}}
,"C:\\Users\\cmiri\\OneDrive\\Documentos\\GitHub\\lab-2025-ii-pds-u2-02-nest-CMirianG\\notifications\\libs\\domain\\src\\email-message-sender.ts": {"path":"C:\\Users\\cmiri\\OneDrive\\Documentos\\GitHub\\lab-2025-ii-pds-u2-02-nest-CMirianG\\notifications\\libs\\domain\\src\\email-message-sender.ts","statementMap":{"0":{"start":{"line":5,"column":8},"end":{"line":5,"column":78}},"1":{"start":{"line":3,"column":0},"end":{"line":3,"column":13}}},"fnMap":{"0":{"name":"(anonymous_0)","decl":{"start":{"line":4,"column":4},"end":{"line":4,"column":15}},"loc":{"start":{"line":4,"column":31},"end":{"line":6,"column":5}}}},"branchMap":{},"s":{"0":2,"1":1},"f":{"0":2},"b":{}}
,"C:\\Users\\cmiri\\OneDrive\\Documentos\\GitHub\\lab-2025-ii-pds-u2-02-nest-CMirianG\\notifications\\libs\\domain\\src\\index.ts": {"path":"C:\\Users\\cmiri\\OneDrive\\Documentos\\GitHub\\lab-2025-ii-pds-u2-02-nest-CMirianG\\notifications\\libs\\domain\\src\\index.ts","statementMap":{"0":{"start":{"line":1,"column":0},"end":{"line":1,"column":32}},"1":{"start":{"line":2,"column":0},"end":{"line":2,"column":33}},"2":{"start":{"line":3,"column":0},"end":{"line":3,"column":44}},"3":{"start":{"line":4,"column":0},"end":{"line":4,"column":37}},"4":{"start":{"line":5,"column":0},"end":{"line":5,"column":39}},"5":{"start":{"line":6,"column":0},"end":{"line":6,"column":35}},"6":{"start":{"line":7,"column":0},"end":{"line":7,"column":32}},"7":{"start":{"line":8,"column":0},"end":{"line":8,"column":31}}},"fnMap":{},"branchMap":{},"s":{"0":0,"1":0,"2":0,"3":0,"4":0,"5":0,"6":0,"7":0},"f":{},"b":{}}
,"C:\\Users\\cmiri\\OneDrive\\Documentos\\GitHub\\lab-2025-ii-pds-u2-02-nest-CMirianG\\notifications\\libs\\domain\\src\\long-message.ts": {"path":"C:\\Users\\cmiri\\OneDrive\\Documentos\\GitHub\\lab-2025-ii-pds-u2-02-nest-CMirianG\\notifications\\libs\\domain\\src\\long-message.ts","statementMap":{"0":{"start":{"line":1,"column":0},"end":{"line":1,"column":53}},"1":{"start":{"line":6,"column":8},"end":{"line":6,"column":16}},"2":{"start":{"line":7,"column":8},"end":{"line":7,"column":44}},"3":{"start":{"line":10,"column":8},"end":{"line":10,"column":56}},"4":{"start":{"line":4,"column":0},"end":{"line":4,"column":13}}},"fnMap":{"0":{"name":"(anonymous_0)","decl":{"start":{"line":5,"column":4},"end":{"line":5,"column":16}},"loc":{"start":{"line":5,"column":45},"end":{"line":8,"column":5}}},"1":{"name":"(anonymous_1)","decl":{"start":{"line":9,"column":11},"end":{"line":9,"column":22}},"loc":{"start":{"line":9,"column":38},"end":{"line":11,"column":5}}}},"branchMap":{},"s":{"0":1,"1":2,"2":2,"3":2,"4":1},"f":{"0":2,"1":2},"b":{}}
,"C:\\Users\\cmiri\\OneDrive\\Documentos\\GitHub\\lab-2025-ii-pds-u2-02-nest-CMirianG\\notifications\\libs\\domain\\src\\short-message.ts": {"path":"C:\\Users\\cmiri\\OneDrive\\Documentos\\GitHub\\lab-2025-ii-pds-u2-02-nest-CMirianG\\notifications\\libs\\domain\\src\\short-message.ts","statementMap":{"0":{"start":{"line":1,"column":0},"end":{"line":1,"column":53}},"1":{"start":{"line":5,"column":41},"end":{"line":5,"column":95}},"2":{"start":{"line":8,"column":8},"end":{"line":8,"column":16}},"3":{"start":{"line":9,"column":8},"end":{"line":9,"column":44}},"4":{"start":{"line":12,"column":8},"end":{"line":15,"column":54}},"5":{"start":{"line":13,"column":12},"end":{"line":13,"column":60}},"6":{"start":{"line":15,"column":12},"end":{"line":15,"column":54}},"7":{"start":{"line":4,"column":0},"end":{"line":4,"column":13}}},"fnMap":{"0":{"name":"(anonymous_0)","decl":{"start":{"line":7,"column":4},"end":{"line":7,"column":16}},"loc":{"start":{"line":7,"column":45},"end":{"line":10,"column":5}}},"1":{"name":"(anonymous_1)","decl":{"start":{"line":11,"column":11},"end":{"line":11,"column":22}},"loc":{"start":{"line":11,"column":38},"end":{"line":16,"column":5}}}},"branchMap":{"0":{"loc":{"start":{"line":12,"column":8},"end":{"line":15,"column":54}},"type":"if","locations":[{"start":{"line":12,"column":8},"end":{"line":15,"column":54}},{"start":{"line":15,"column":12},"end":{"line":15,"column":54}}]}},"s":{"0":1,"1":4,"2":4,"3":4,"4":3,"5":2,"6":1,"7":1},"f":{"0":4,"1":3},"b":{"0":[2,1]}}
,"C:\\Users\\cmiri\\OneDrive\\Documentos\\GitHub\\lab-2025-ii-pds-u2-02-nest-CMirianG\\notifications\\libs\\domain\\src\\sms-message-sender.ts": {"path":"C:\\Users\\cmiri\\OneDrive\\Documentos\\GitHub\\lab-2025-ii-pds-u2-02-nest-CMirianG\\notifications\\libs\\domain\\src\\sms-message-sender.ts","statementMap":{"0":{"start":{"line":5,"column":8},"end":{"line":5,"column":74}},"1":{"start":{"line":3,"column":0},"end":{"line":3,"column":13}}},"fnMap":{"0":{"name":"(anonymous_0)","decl":{"start":{"line":4,"column":4},"end":{"line":4,"column":15}},"loc":{"start":{"line":4,"column":31},"end":{"line":6,"column":5}}}},"branchMap":{},"s":{"0":2,"1":1},"f":{"0":2},"b":{}}
,"C:\\Users\\cmiri\\OneDrive\\Documentos\\GitHub\\lab-2025-ii-pds-u2-02-nest-CMirianG\\notifications\\src\\app.controller.ts": {"path":"C:\\Users\\cmiri\\OneDrive\\Documentos\\GitHub\\lab-2025-ii-pds-u2-02-nest-CMirianG\\notifications\\src\\app.controller.ts","statementMap":{"0":{"start":{"line":1,"column":0},"end":{"line":1,"column":49}},"1":{"start":{"line":2,"column":0},"end":{"line":2,"column":43}},"2":{"start":{"line":5,"column":7},"end":{"line":12,"column":null}},"3":{"start":{"line":6,"column":31},"end":{"line":6,"column":43}},"4":{"start":{"line":10,"column":4},"end":{"line":10,"column":38}},"5":{"start":{"line":5,"column":13},"end":{"line":5,"column":26}},"6":{"start":{"line":9,"column":2},"end":{"line":11,"column":null}},"7":{"start":{"line":5,"column":13},"end":{"line":12,"column":null}}},"fnMap":{"0":{"name":"(anonymous_2)","decl":{"start":{"line":6,"column":2},"end":{"line":6,"column":31}},"loc":{"start":{"line":6,"column":53},"end":{"line":6,"column":57}}},"1":{"name":"(anonymous_3)","decl":{"start":{"line":9,"column":2},"end":{"line":9,"column":10}},"loc":{"start":{"line":9,"column":10},"end":{"line":11,"column":3}}}},"branchMap":{"0":{"loc":{"start":{"line":6,"column":43},"end":{"line":6,"column":56}},"type":"cond-expr","locations":[{"start":{"line":6,"column":53},"end":{"line":6,"column":56}},{"start":{"line":6,"column":53},"end":{"line":6,"column":56}}]},"1":{"loc":{"start":{"line":6,"column":43},"end":{"line":6,"column":53}},"type":"binary-expr","locations":[{"start":{"line":6,"column":43},"end":{"line":6,"column":56}},{"start":{"line":6,"column":43},"end":{"line":6,"column":53}}]}},"s":{"0":0,"1":0,"2":0,"3":0,"4":0,"5":0,"6":0,"7":0},"f":{"0":0,"1":0},"b":{"0":[0,0],"1":[0,0]}}
,"C:\\Users\\cmiri\\OneDrive\\Documentos\\GitHub\\lab-2025-ii-pds-u2-02-nest-CMirianG\\notifications\\src\\app.module.ts": {"path":"C:\\Users\\cmiri\\OneDrive\\Documentos\\GitHub\\lab-2025-ii-pds-u2-02-nest-CMirianG\\notifications\\src\\app.module.ts","statementMap":{"0":{"start":{"line":1,"column":0},"end":{"line":1,"column":40}},"1":{"start":{"line":2,"column":0},"end":{"line":2,"column":49}},"2":{"start":{"line":3,"column":0},"end":{"line":3,"column":43}},"3":{"start":{"line":10,"column":7},"end":{"line":10,"column":null}},"4":{"start":{"line":10,"column":13},"end":{"line":10,"column":22}},"5":{"start":{"line":10,"column":13},"end":{"line":10,"column":null}}},"fnMap":{},"branchMap":{},"s":{"0":0,"1":0,"2":0,"3":0,"4":0,"5":0},"f":{},"b":{}}
,"C:\\Users\\cmiri\\OneDrive\\Documentos\\GitHub\\lab-2025-ii-pds-u2-02-nest-CMirianG\\notifications\\src\\app.service.ts": {"path":"C:\\Users\\cmiri\\OneDrive\\Documentos\\GitHub\\lab-2025-ii-pds-u2-02-nest-CMirianG\\notifications\\src\\app.service.ts","statementMap":{"0":{"start":{"line":1,"column":0},"end":{"line":1,"column":44}},"1":{"start":{"line":4,"column":7},"end":{"line":8,"column":null}},"2":{"start":{"line":6,"column":4},"end":{"line":6,"column":26}},"3":{"start":{"line":4,"column":13},"end":{"line":4,"column":23}},"4":{"start":{"line":4,"column":13},"end":{"line":8,"column":null}}},"fnMap":{"0":{"name":"(anonymous_1)","decl":{"start":{"line":5,"column":2},"end":{"line":5,"column":10}},"loc":{"start":{"line":5,"column":10},"end":{"line":7,"column":3}}}},"branchMap":{},"s":{"0":0,"1":0,"2":0,"3":0,"4":0},"f":{"0":0},"b":{}}
,"C:\\Users\\cmiri\\OneDrive\\Documentos\\GitHub\\lab-2025-ii-pds-u2-02-nest-CMirianG\\notifications\\src\\main.ts": {"path":"C:\\Users\\cmiri\\OneDrive\\Documentos\\GitHub\\lab-2025-ii-pds-u2-02-nest-CMirianG\\notifications\\src\\main.ts","statementMap":{"0":{"start":{"line":1,"column":0},"end":{"line":1,"column":43}},"1":{"start":{"line":2,"column":0},"end":{"line":2,"column":41}},"2":{"start":{"line":5,"column":14},"end":{"line":5,"column":49}},"3":{"start":{"line":6,"column":2},"end":{"line":6,"column":45}},"4":{"start":{"line":8,"column":0},"end":{"line":8,"column":12}}},"fnMap":{"0":{"name":"bootstrap","decl":{"start":{"line":4,"column":15},"end":{"line":4,"column":24}},"loc":{"start":{"line":4,"column":24},"end":{"line":7,"column":1}}}},"branchMap":{"0":{"loc":{"start":{"line":6,"column":19},"end":{"line":6,"column":43}},"type":"binary-expr","locations":[{"start":{"line":6,"column":19},"end":{"line":6,"column":35}},{"start":{"line":6,"column":39},"end":{"line":6,"column":43}}]}},"s":{"0":0,"1":0,"2":0,"3":0,"4":0},"f":{"0":0},"b":{"0":[0,0]}}
}
